{"/home/steve/Desktop/microverse projects/Module 2/Block 2/To-Do-List/src/modules/Task.js": {"path":"/home/steve/Desktop/microverse projects/Module 2/Block 2/To-Do-List/src/modules/Task.js","statementMap":{"0":{"start":{"line":6,"column":4},"end":{"line":6,"column":23}},"1":{"start":{"line":9,"column":17},"end":{"line":14,"column":5}},"2":{"start":{"line":10,"column":6},"end":{"line":13,"column":7}},"3":{"start":{"line":11,"column":8},"end":{"line":11,"column":65}},"4":{"start":{"line":12,"column":8},"end":{"line":12,"column":27}},"5":{"start":{"line":16,"column":16},"end":{"line":21,"column":5}},"6":{"start":{"line":17,"column":19},"end":{"line":17,"column":50}},"7":{"start":{"line":18,"column":6},"end":{"line":20,"column":9}},"8":{"start":{"line":19,"column":8},"end":{"line":19,"column":23}},"9":{"start":{"line":23,"column":14},"end":{"line":32,"column":5}},"10":{"start":{"line":24,"column":20},"end":{"line":24,"column":44}},"11":{"start":{"line":25,"column":24},"end":{"line":25,"column":29}},"12":{"start":{"line":26,"column":26},"end":{"line":26,"column":63}},"13":{"start":{"line":27,"column":19},"end":{"line":27,"column":62}},"14":{"start":{"line":28,"column":6},"end":{"line":28,"column":31}},"15":{"start":{"line":29,"column":6},"end":{"line":29,"column":25}},"16":{"start":{"line":30,"column":6},"end":{"line":30,"column":23}},"17":{"start":{"line":31,"column":6},"end":{"line":31,"column":49}},"18":{"start":{"line":34,"column":16},"end":{"line":72,"column":3}},"19":{"start":{"line":35,"column":21},"end":{"line":35,"column":57}},"20":{"start":{"line":36,"column":4},"end":{"line":36,"column":31}},"21":{"start":{"line":38,"column":4},"end":{"line":71,"column":7}},"22":{"start":{"line":39,"column":23},"end":{"line":39,"column":59}},"23":{"start":{"line":42,"column":6},"end":{"line":46,"column":7}},"24":{"start":{"line":43,"column":8},"end":{"line":43,"column":34}},"25":{"start":{"line":45,"column":8},"end":{"line":45,"column":27}},"26":{"start":{"line":48,"column":17},"end":{"line":48,"column":45}},"27":{"start":{"line":49,"column":6},"end":{"line":49,"column":32}},"28":{"start":{"line":51,"column":20},"end":{"line":51,"column":51}},"29":{"start":{"line":52,"column":6},"end":{"line":52,"column":45}},"30":{"start":{"line":53,"column":6},"end":{"line":53,"column":51}},"31":{"start":{"line":53,"column":29},"end":{"line":53,"column":50}},"32":{"start":{"line":54,"column":6},"end":{"line":54,"column":36}},"33":{"start":{"line":55,"column":6},"end":{"line":55,"column":28}},"34":{"start":{"line":57,"column":21},"end":{"line":57,"column":52}},"35":{"start":{"line":58,"column":6},"end":{"line":58,"column":42}},"36":{"start":{"line":59,"column":6},"end":{"line":59,"column":50}},"37":{"start":{"line":60,"column":6},"end":{"line":60,"column":58}},"38":{"start":{"line":61,"column":16},"end":{"line":61,"column":26}},"39":{"start":{"line":62,"column":6},"end":{"line":62,"column":35}},"40":{"start":{"line":63,"column":6},"end":{"line":63,"column":29}},"41":{"start":{"line":65,"column":18},"end":{"line":65,"column":45}},"42":{"start":{"line":66,"column":6},"end":{"line":66,"column":53}},"43":{"start":{"line":67,"column":6},"end":{"line":67,"column":46}},"44":{"start":{"line":67,"column":26},"end":{"line":67,"column":45}},"45":{"start":{"line":68,"column":6},"end":{"line":68,"column":26}},"46":{"start":{"line":70,"column":6},"end":{"line":70,"column":31}},"47":{"start":{"line":74,"column":14},"end":{"line":76,"column":3}},"48":{"start":{"line":75,"column":4},"end":{"line":75,"column":64}},"49":{"start":{"line":78,"column":15},"end":{"line":86,"column":3}},"50":{"start":{"line":79,"column":4},"end":{"line":79,"column":32}},"51":{"start":{"line":80,"column":4},"end":{"line":82,"column":7}},"52":{"start":{"line":81,"column":6},"end":{"line":81,"column":26}},"53":{"start":{"line":83,"column":4},"end":{"line":83,"column":64}},"54":{"start":{"line":84,"column":4},"end":{"line":84,"column":23}},"55":{"start":{"line":85,"column":4},"end":{"line":85,"column":21}},"56":{"start":{"line":88,"column":15},"end":{"line":102,"column":3}},"57":{"start":{"line":89,"column":17},"end":{"line":89,"column":58}},"58":{"start":{"line":90,"column":4},"end":{"line":101,"column":7}},"59":{"start":{"line":91,"column":6},"end":{"line":100,"column":9}},"60":{"start":{"line":92,"column":23},"end":{"line":92,"column":48}},"61":{"start":{"line":93,"column":8},"end":{"line":97,"column":11}},"62":{"start":{"line":94,"column":10},"end":{"line":96,"column":11}},"63":{"start":{"line":95,"column":12},"end":{"line":95,"column":46}},"64":{"start":{"line":99,"column":8},"end":{"line":99,"column":68}},"65":{"start":{"line":104,"column":18},"end":{"line":115,"column":4}},"66":{"start":{"line":105,"column":5},"end":{"line":113,"column":8}},"67":{"start":{"line":106,"column":7},"end":{"line":112,"column":8}},"68":{"start":{"line":107,"column":9},"end":{"line":111,"column":10}},"69":{"start":{"line":108,"column":11},"end":{"line":108,"column":33}},"70":{"start":{"line":110,"column":11},"end":{"line":110,"column":34}},"71":{"start":{"line":114,"column":5},"end":{"line":114,"column":65}},"72":{"start":{"line":118,"column":21},"end":{"line":118,"column":31}},"73":{"start":{"line":120,"column":12},"end":{"line":122,"column":1}},"74":{"start":{"line":121,"column":2},"end":{"line":121,"column":15}}},"fnMap":{"0":{"name":"(anonymous_0)","decl":{"start":{"line":5,"column":2},"end":{"line":5,"column":3}},"loc":{"start":{"line":5,"column":16},"end":{"line":7,"column":3}},"line":5},"1":{"name":"(anonymous_1)","decl":{"start":{"line":9,"column":17},"end":{"line":9,"column":18}},"loc":{"start":{"line":9,"column":23},"end":{"line":14,"column":5}},"line":9},"2":{"name":"(anonymous_2)","decl":{"start":{"line":16,"column":16},"end":{"line":16,"column":17}},"loc":{"start":{"line":16,"column":22},"end":{"line":21,"column":5}},"line":16},"3":{"name":"(anonymous_3)","decl":{"start":{"line":18,"column":38},"end":{"line":18,"column":39}},"loc":{"start":{"line":18,"column":44},"end":{"line":20,"column":7}},"line":18},"4":{"name":"(anonymous_4)","decl":{"start":{"line":23,"column":14},"end":{"line":23,"column":15}},"loc":{"start":{"line":23,"column":20},"end":{"line":32,"column":5}},"line":23},"5":{"name":"(anonymous_5)","decl":{"start":{"line":34,"column":16},"end":{"line":34,"column":17}},"loc":{"start":{"line":34,"column":22},"end":{"line":72,"column":3}},"line":34},"6":{"name":"(anonymous_6)","decl":{"start":{"line":38,"column":26},"end":{"line":38,"column":27}},"loc":{"start":{"line":38,"column":40},"end":{"line":71,"column":5}},"line":38},"7":{"name":"(anonymous_7)","decl":{"start":{"line":53,"column":23},"end":{"line":53,"column":24}},"loc":{"start":{"line":53,"column":29},"end":{"line":53,"column":50}},"line":53},"8":{"name":"(anonymous_8)","decl":{"start":{"line":67,"column":20},"end":{"line":67,"column":21}},"loc":{"start":{"line":67,"column":26},"end":{"line":67,"column":45}},"line":67},"9":{"name":"(anonymous_9)","decl":{"start":{"line":74,"column":14},"end":{"line":74,"column":15}},"loc":{"start":{"line":74,"column":20},"end":{"line":76,"column":3}},"line":74},"10":{"name":"(anonymous_10)","decl":{"start":{"line":78,"column":15},"end":{"line":78,"column":16}},"loc":{"start":{"line":78,"column":23},"end":{"line":86,"column":3}},"line":78},"11":{"name":"(anonymous_11)","decl":{"start":{"line":80,"column":26},"end":{"line":80,"column":27}},"loc":{"start":{"line":80,"column":40},"end":{"line":82,"column":5}},"line":80},"12":{"name":"(anonymous_12)","decl":{"start":{"line":88,"column":15},"end":{"line":88,"column":16}},"loc":{"start":{"line":88,"column":21},"end":{"line":102,"column":3}},"line":88},"13":{"name":"(anonymous_13)","decl":{"start":{"line":90,"column":17},"end":{"line":90,"column":18}},"loc":{"start":{"line":90,"column":30},"end":{"line":101,"column":5}},"line":90},"14":{"name":"(anonymous_14)","decl":{"start":{"line":91,"column":40},"end":{"line":91,"column":41}},"loc":{"start":{"line":91,"column":47},"end":{"line":100,"column":7}},"line":91},"15":{"name":"(anonymous_15)","decl":{"start":{"line":93,"column":30},"end":{"line":93,"column":31}},"loc":{"start":{"line":93,"column":44},"end":{"line":97,"column":9}},"line":93},"16":{"name":"(anonymous_16)","decl":{"start":{"line":104,"column":18},"end":{"line":104,"column":19}},"loc":{"start":{"line":104,"column":26},"end":{"line":115,"column":4}},"line":104},"17":{"name":"(anonymous_17)","decl":{"start":{"line":105,"column":27},"end":{"line":105,"column":28}},"loc":{"start":{"line":105,"column":37},"end":{"line":113,"column":6}},"line":105},"18":{"name":"(anonymous_18)","decl":{"start":{"line":120,"column":12},"end":{"line":120,"column":13}},"loc":{"start":{"line":120,"column":22},"end":{"line":122,"column":1}},"line":120}},"branchMap":{"0":{"loc":{"start":{"line":10,"column":6},"end":{"line":13,"column":7}},"type":"if","locations":[{"start":{"line":10,"column":6},"end":{"line":13,"column":7}},{"start":{},"end":{}}],"line":10},"1":{"loc":{"start":{"line":42,"column":6},"end":{"line":46,"column":7}},"type":"if","locations":[{"start":{"line":42,"column":6},"end":{"line":46,"column":7}},{"start":{"line":44,"column":13},"end":{"line":46,"column":7}}],"line":42},"2":{"loc":{"start":{"line":94,"column":10},"end":{"line":96,"column":11}},"type":"if","locations":[{"start":{"line":94,"column":10},"end":{"line":96,"column":11}},{"start":{},"end":{}}],"line":94},"3":{"loc":{"start":{"line":106,"column":7},"end":{"line":112,"column":8}},"type":"if","locations":[{"start":{"line":106,"column":7},"end":{"line":112,"column":8}},{"start":{},"end":{}}],"line":106},"4":{"loc":{"start":{"line":107,"column":9},"end":{"line":111,"column":10}},"type":"if","locations":[{"start":{"line":107,"column":9},"end":{"line":111,"column":10}},{"start":{"line":109,"column":16},"end":{"line":111,"column":10}}],"line":107}},"s":{"0":1,"1":1,"2":0,"3":0,"4":0,"5":1,"6":0,"7":0,"8":0,"9":1,"10":0,"11":0,"12":0,"13":0,"14":0,"15":0,"16":0,"17":0,"18":1,"19":0,"20":0,"21":0,"22":0,"23":0,"24":0,"25":0,"26":0,"27":0,"28":0,"29":0,"30":0,"31":0,"32":0,"33":0,"34":0,"35":0,"36":0,"37":0,"38":0,"39":0,"40":0,"41":0,"42":0,"43":0,"44":0,"45":0,"46":0,"47":1,"48":0,"49":1,"50":0,"51":0,"52":0,"53":0,"54":0,"55":0,"56":1,"57":0,"58":0,"59":0,"60":0,"61":0,"62":0,"63":0,"64":0,"65":1,"66":0,"67":0,"68":0,"69":0,"70":0,"71":0,"72":1,"73":1,"74":1},"f":{"0":1,"1":0,"2":0,"3":0,"4":0,"5":0,"6":0,"7":0,"8":0,"9":0,"10":0,"11":0,"12":0,"13":0,"14":0,"15":0,"16":0,"17":0,"18":1},"b":{"0":[0,0],"1":[0,0],"2":[0,0],"3":[0,0],"4":[0,0]},"_coverageSchema":"1a1c01bbd47fc00a2c39e90264f33305004495a9","hash":"f1e71282f3d5774581fa0703e3fc4841cb099076"}
,"/home/steve/Desktop/microverse projects/Module 2/Block 2/To-Do-List/src/modules/activity.js": {"path":"/home/steve/Desktop/microverse projects/Module 2/Block 2/To-Do-List/src/modules/activity.js","statementMap":{"0":{"start":{"line":3,"column":4},"end":{"line":3,"column":23}},"1":{"start":{"line":4,"column":4},"end":{"line":4,"column":31}},"2":{"start":{"line":5,"column":4},"end":{"line":5,"column":35}}},"fnMap":{"0":{"name":"(anonymous_0)","decl":{"start":{"line":2,"column":2},"end":{"line":2,"column":3}},"loc":{"start":{"line":2,"column":45},"end":{"line":6,"column":3}},"line":2}},"branchMap":{},"s":{"0":0,"1":0,"2":0},"f":{"0":0},"b":{},"_coverageSchema":"1a1c01bbd47fc00a2c39e90264f33305004495a9","hash":"e09004d681a319a5f143d923773ca0e5088d0d1a"}
}
