{"/home/steve/Desktop/microverse projects/Module 2/Block 2/To-Do-List/src/modules/Task.js": {"path":"/home/steve/Desktop/microverse projects/Module 2/Block 2/To-Do-List/src/modules/Task.js","statementMap":{"0":{"start":{"line":5,"column":4},"end":{"line":5,"column":23}},"1":{"start":{"line":8,"column":17},"end":{"line":13,"column":5}},"2":{"start":{"line":9,"column":6},"end":{"line":12,"column":7}},"3":{"start":{"line":10,"column":8},"end":{"line":10,"column":65}},"4":{"start":{"line":11,"column":8},"end":{"line":11,"column":27}},"5":{"start":{"line":15,"column":16},"end":{"line":20,"column":5}},"6":{"start":{"line":16,"column":19},"end":{"line":16,"column":50}},"7":{"start":{"line":17,"column":6},"end":{"line":19,"column":9}},"8":{"start":{"line":18,"column":8},"end":{"line":18,"column":23}},"9":{"start":{"line":22,"column":14},"end":{"line":31,"column":5}},"10":{"start":{"line":23,"column":20},"end":{"line":23,"column":44}},"11":{"start":{"line":24,"column":24},"end":{"line":24,"column":29}},"12":{"start":{"line":25,"column":26},"end":{"line":25,"column":63}},"13":{"start":{"line":26,"column":19},"end":{"line":26,"column":62}},"14":{"start":{"line":27,"column":6},"end":{"line":27,"column":31}},"15":{"start":{"line":28,"column":6},"end":{"line":28,"column":25}},"16":{"start":{"line":29,"column":6},"end":{"line":29,"column":23}},"17":{"start":{"line":30,"column":6},"end":{"line":30,"column":49}},"18":{"start":{"line":33,"column":16},"end":{"line":71,"column":3}},"19":{"start":{"line":34,"column":21},"end":{"line":34,"column":57}},"20":{"start":{"line":35,"column":4},"end":{"line":35,"column":31}},"21":{"start":{"line":37,"column":4},"end":{"line":70,"column":7}},"22":{"start":{"line":38,"column":23},"end":{"line":38,"column":59}},"23":{"start":{"line":41,"column":6},"end":{"line":45,"column":7}},"24":{"start":{"line":42,"column":8},"end":{"line":42,"column":34}},"25":{"start":{"line":44,"column":8},"end":{"line":44,"column":27}},"26":{"start":{"line":47,"column":17},"end":{"line":47,"column":45}},"27":{"start":{"line":48,"column":6},"end":{"line":48,"column":32}},"28":{"start":{"line":50,"column":20},"end":{"line":50,"column":51}},"29":{"start":{"line":51,"column":6},"end":{"line":51,"column":45}},"30":{"start":{"line":52,"column":6},"end":{"line":52,"column":51}},"31":{"start":{"line":52,"column":29},"end":{"line":52,"column":50}},"32":{"start":{"line":53,"column":6},"end":{"line":53,"column":36}},"33":{"start":{"line":54,"column":6},"end":{"line":54,"column":28}},"34":{"start":{"line":56,"column":21},"end":{"line":56,"column":52}},"35":{"start":{"line":57,"column":6},"end":{"line":57,"column":42}},"36":{"start":{"line":58,"column":6},"end":{"line":58,"column":50}},"37":{"start":{"line":59,"column":6},"end":{"line":59,"column":58}},"38":{"start":{"line":60,"column":16},"end":{"line":60,"column":26}},"39":{"start":{"line":61,"column":6},"end":{"line":61,"column":35}},"40":{"start":{"line":62,"column":6},"end":{"line":62,"column":29}},"41":{"start":{"line":64,"column":18},"end":{"line":64,"column":45}},"42":{"start":{"line":65,"column":6},"end":{"line":65,"column":53}},"43":{"start":{"line":66,"column":6},"end":{"line":66,"column":46}},"44":{"start":{"line":66,"column":26},"end":{"line":66,"column":45}},"45":{"start":{"line":67,"column":6},"end":{"line":67,"column":26}},"46":{"start":{"line":69,"column":6},"end":{"line":69,"column":31}},"47":{"start":{"line":73,"column":14},"end":{"line":75,"column":3}},"48":{"start":{"line":74,"column":4},"end":{"line":74,"column":64}},"49":{"start":{"line":77,"column":15},"end":{"line":85,"column":3}},"50":{"start":{"line":78,"column":4},"end":{"line":78,"column":32}},"51":{"start":{"line":79,"column":4},"end":{"line":81,"column":7}},"52":{"start":{"line":80,"column":6},"end":{"line":80,"column":26}},"53":{"start":{"line":82,"column":4},"end":{"line":82,"column":64}},"54":{"start":{"line":83,"column":4},"end":{"line":83,"column":23}},"55":{"start":{"line":84,"column":4},"end":{"line":84,"column":21}},"56":{"start":{"line":87,"column":15},"end":{"line":101,"column":3}},"57":{"start":{"line":88,"column":17},"end":{"line":88,"column":58}},"58":{"start":{"line":89,"column":4},"end":{"line":100,"column":7}},"59":{"start":{"line":90,"column":6},"end":{"line":99,"column":9}},"60":{"start":{"line":91,"column":23},"end":{"line":91,"column":48}},"61":{"start":{"line":92,"column":8},"end":{"line":96,"column":11}},"62":{"start":{"line":93,"column":10},"end":{"line":95,"column":11}},"63":{"start":{"line":94,"column":12},"end":{"line":94,"column":46}},"64":{"start":{"line":98,"column":8},"end":{"line":98,"column":68}},"65":{"start":{"line":103,"column":18},"end":{"line":114,"column":4}},"66":{"start":{"line":104,"column":5},"end":{"line":112,"column":8}},"67":{"start":{"line":105,"column":7},"end":{"line":111,"column":8}},"68":{"start":{"line":106,"column":9},"end":{"line":110,"column":10}},"69":{"start":{"line":107,"column":11},"end":{"line":107,"column":33}},"70":{"start":{"line":109,"column":11},"end":{"line":109,"column":34}},"71":{"start":{"line":113,"column":5},"end":{"line":113,"column":65}},"72":{"start":{"line":117,"column":14},"end":{"line":117,"column":24}}},"fnMap":{"0":{"name":"(anonymous_0)","decl":{"start":{"line":4,"column":2},"end":{"line":4,"column":3}},"loc":{"start":{"line":4,"column":16},"end":{"line":6,"column":3}},"line":4},"1":{"name":"(anonymous_1)","decl":{"start":{"line":8,"column":17},"end":{"line":8,"column":18}},"loc":{"start":{"line":8,"column":23},"end":{"line":13,"column":5}},"line":8},"2":{"name":"(anonymous_2)","decl":{"start":{"line":15,"column":16},"end":{"line":15,"column":17}},"loc":{"start":{"line":15,"column":22},"end":{"line":20,"column":5}},"line":15},"3":{"name":"(anonymous_3)","decl":{"start":{"line":17,"column":38},"end":{"line":17,"column":39}},"loc":{"start":{"line":17,"column":44},"end":{"line":19,"column":7}},"line":17},"4":{"name":"(anonymous_4)","decl":{"start":{"line":22,"column":14},"end":{"line":22,"column":15}},"loc":{"start":{"line":22,"column":20},"end":{"line":31,"column":5}},"line":22},"5":{"name":"(anonymous_5)","decl":{"start":{"line":33,"column":16},"end":{"line":33,"column":17}},"loc":{"start":{"line":33,"column":22},"end":{"line":71,"column":3}},"line":33},"6":{"name":"(anonymous_6)","decl":{"start":{"line":37,"column":26},"end":{"line":37,"column":27}},"loc":{"start":{"line":37,"column":40},"end":{"line":70,"column":5}},"line":37},"7":{"name":"(anonymous_7)","decl":{"start":{"line":52,"column":23},"end":{"line":52,"column":24}},"loc":{"start":{"line":52,"column":29},"end":{"line":52,"column":50}},"line":52},"8":{"name":"(anonymous_8)","decl":{"start":{"line":66,"column":20},"end":{"line":66,"column":21}},"loc":{"start":{"line":66,"column":26},"end":{"line":66,"column":45}},"line":66},"9":{"name":"(anonymous_9)","decl":{"start":{"line":73,"column":14},"end":{"line":73,"column":15}},"loc":{"start":{"line":73,"column":20},"end":{"line":75,"column":3}},"line":73},"10":{"name":"(anonymous_10)","decl":{"start":{"line":77,"column":15},"end":{"line":77,"column":16}},"loc":{"start":{"line":77,"column":23},"end":{"line":85,"column":3}},"line":77},"11":{"name":"(anonymous_11)","decl":{"start":{"line":79,"column":26},"end":{"line":79,"column":27}},"loc":{"start":{"line":79,"column":40},"end":{"line":81,"column":5}},"line":79},"12":{"name":"(anonymous_12)","decl":{"start":{"line":87,"column":15},"end":{"line":87,"column":16}},"loc":{"start":{"line":87,"column":21},"end":{"line":101,"column":3}},"line":87},"13":{"name":"(anonymous_13)","decl":{"start":{"line":89,"column":17},"end":{"line":89,"column":18}},"loc":{"start":{"line":89,"column":30},"end":{"line":100,"column":5}},"line":89},"14":{"name":"(anonymous_14)","decl":{"start":{"line":90,"column":40},"end":{"line":90,"column":41}},"loc":{"start":{"line":90,"column":47},"end":{"line":99,"column":7}},"line":90},"15":{"name":"(anonymous_15)","decl":{"start":{"line":92,"column":30},"end":{"line":92,"column":31}},"loc":{"start":{"line":92,"column":44},"end":{"line":96,"column":9}},"line":92},"16":{"name":"(anonymous_16)","decl":{"start":{"line":103,"column":18},"end":{"line":103,"column":19}},"loc":{"start":{"line":103,"column":26},"end":{"line":114,"column":4}},"line":103},"17":{"name":"(anonymous_17)","decl":{"start":{"line":104,"column":27},"end":{"line":104,"column":28}},"loc":{"start":{"line":104,"column":37},"end":{"line":112,"column":6}},"line":104}},"branchMap":{"0":{"loc":{"start":{"line":9,"column":6},"end":{"line":12,"column":7}},"type":"if","locations":[{"start":{"line":9,"column":6},"end":{"line":12,"column":7}},{"start":{},"end":{}}],"line":9},"1":{"loc":{"start":{"line":41,"column":6},"end":{"line":45,"column":7}},"type":"if","locations":[{"start":{"line":41,"column":6},"end":{"line":45,"column":7}},{"start":{"line":43,"column":13},"end":{"line":45,"column":7}}],"line":41},"2":{"loc":{"start":{"line":93,"column":10},"end":{"line":95,"column":11}},"type":"if","locations":[{"start":{"line":93,"column":10},"end":{"line":95,"column":11}},{"start":{},"end":{}}],"line":93},"3":{"loc":{"start":{"line":105,"column":7},"end":{"line":111,"column":8}},"type":"if","locations":[{"start":{"line":105,"column":7},"end":{"line":111,"column":8}},{"start":{},"end":{}}],"line":105},"4":{"loc":{"start":{"line":106,"column":9},"end":{"line":110,"column":10}},"type":"if","locations":[{"start":{"line":106,"column":9},"end":{"line":110,"column":10}},{"start":{"line":108,"column":16},"end":{"line":110,"column":10}}],"line":106}},"s":{"0":1,"1":1,"2":0,"3":0,"4":0,"5":1,"6":0,"7":0,"8":0,"9":1,"10":3,"11":3,"12":3,"13":3,"14":3,"15":3,"16":3,"17":3,"18":1,"19":4,"20":4,"21":4,"22":8,"23":8,"24":0,"25":8,"26":8,"27":8,"28":8,"29":8,"30":8,"31":0,"32":8,"33":8,"34":8,"35":8,"36":8,"37":8,"38":8,"39":8,"40":8,"41":8,"42":8,"43":8,"44":0,"45":8,"46":8,"47":1,"48":4,"49":1,"50":1,"51":1,"52":2,"53":1,"54":1,"55":1,"56":1,"57":0,"58":0,"59":0,"60":0,"61":0,"62":0,"63":0,"64":0,"65":1,"66":0,"67":0,"68":0,"69":0,"70":0,"71":0,"72":1},"f":{"0":1,"1":0,"2":0,"3":0,"4":3,"5":4,"6":8,"7":0,"8":0,"9":4,"10":1,"11":2,"12":0,"13":0,"14":0,"15":0,"16":0,"17":0},"b":{"0":[0,0],"1":[0,8],"2":[0,0],"3":[0,0],"4":[0,0]},"_coverageSchema":"1a1c01bbd47fc00a2c39e90264f33305004495a9","hash":"680d77ce0d6f2e766390db7b35e22f1f95f59be0"}
,"/home/steve/Desktop/microverse projects/Module 2/Block 2/To-Do-List/src/modules/activity.js": {"path":"/home/steve/Desktop/microverse projects/Module 2/Block 2/To-Do-List/src/modules/activity.js","statementMap":{"0":{"start":{"line":3,"column":4},"end":{"line":3,"column":23}},"1":{"start":{"line":4,"column":4},"end":{"line":4,"column":31}},"2":{"start":{"line":5,"column":4},"end":{"line":5,"column":35}}},"fnMap":{"0":{"name":"(anonymous_0)","decl":{"start":{"line":2,"column":2},"end":{"line":2,"column":3}},"loc":{"start":{"line":2,"column":45},"end":{"line":6,"column":3}},"line":2}},"branchMap":{},"s":{"0":3,"1":3,"2":3},"f":{"0":3},"b":{},"_coverageSchema":"1a1c01bbd47fc00a2c39e90264f33305004495a9","hash":"e09004d681a319a5f143d923773ca0e5088d0d1a"}
}
